Picked up _JAVA_OPTIONS:  -XX:+ExitOnOutOfMemoryError -XX:OnOutOfMemoryError="touch /home/janec/Documents/svg_ae_rampup/project_zipline/Project-Zipline/dv/KME/run/verisium_debug_logs/out_of_memory_error" 
CompilerOracle: exclude javax/swing/text/GlyphView.getBreakSpot
CompilerOracle: exclude javax/swing/text/GlyphView.getBreakSpot
Loading libdac.so from /grid/avs/install/verisium_debug/AGILE/latest//tools/lib/64bit/libdac.so

Dump Strap Design DB Order:

End of dump Strap Design DB Order




in 'SimConnect::_simcontrolConnect' overlay db = null, overlayH = 0, is valid = false, operation = dapOpen, duFilename = null, isLiveSim = true
in 'JDACTBDataProvider::notifyLiveConnectionDB', sessionId = 0


**** found lwd dir to be: /home/janec/Documents/svg_ae_rampup/project_zipline/Project-Zipline/dv/KME/run/xcelium.d/worklib/kme_tb/v



**** found cdslib to be: /home/janec/Documents/svg_ae_rampup/project_zipline/Project-Zipline/dv/KME/run/xcelium.d/run.d/cds.lib

in 'JDACTBDataProvider::notifyLiveConnectionDB', 'dbH' represents 'simulator' db.
PPEAttributes values:
    isAutofetch = false
    isPersistentSources = false
    isXprop = false
    cdslib = /home/janec/Documents/svg_ae_rampup/project_zipline/Project-Zipline/dv/KME/run/xcelium.d/run.d/cds.lib
    snapshot = worklib.kme_tb:v
    workdir = /home/janec/Documents/svg_ae_rampup/project_zipline/Project-Zipline/dv/KME/run
    xceliumDir = /home/janec/Documents/svg_ae_rampup/project_zipline/Project-Zipline/dv/KME/run/xcelium.d
    rundDir = /home/janec/Documents/svg_ae_rampup/project_zipline/Project-Zipline/dv/KME/run/xcelium.d/run.d
    bits = 64
    cds_implicit_tmpdir = 
    cds_alternate_tmpdir = 
    du_agent = 
    lwddir = /home/janec/Documents/svg_ae_rampup/project_zipline/Project-Zipline/dv/KME/run/xcelium.d/worklib/kme_tb/v
    cds_alternate_cdslib = 
    elab_options = 
    found = true
    nclsRun = false
    includeCdslib = true
    nclsOpts =  -snapshot -cdslib /home/janec/Documents/svg_ae_rampup/project_zipline/Project-Zipline/dv/KME/run/xcelium.d/run.d/cds.lib -64
    isMceMode = false
    isMceInvolved = false
    mceLshmDbPath = 
    lowPowerInformationAvailable = false
    hasLshmFile = false
    workdirIsDirectory = true
    hasOverlayRelatedInformation = true
    cds_implicit_tmplib = 
    cds_other_implicit_tmplibs = 


Dump Strap Design DB Order:

Strap design: simulator #8

End of dump Strap Design DB Order


Indexing design db: cds-dsn-gen -envsearch -snapshot worklib.kme_tb:v -cdslib /home/janec/Documents/svg_ae_rampup/project_zipline/Project-Zipline/dv/KME/run/xcelium.d/run.d/cds.lib -64
visadev(64): 24.09-s010: (c) Copyright 1995-2025 Cadence Design Systems, Inc.

WARNING: Liberty related data currently cannot be recorded for
	 post process debug in offline mode. If your design contains
	 Liberty and you will be debugging this information it is 
	 recommended that you generate the liberty debug data during
	 elaboration by using the "-lwd_prepare" option to xrun.
	 Then run cds-dsn-gen with the "-lwd_complete" option
	 to finish the data generation.

	 If you do not use "-lwd_complete", any data saved by "-lwd_prepare"
	 will be overwritten.

	 If you wish to generate all the data during snapshot creation,
	 then use the "-lwdgen" option to xrun.

### Excluding compile: javax.swing.text.GlyphView::getBreakSpot


GOT COMMAND: 



Scripting Service started, listening on port 38979...


GOT COMMAND: run
GOT COMMAND: drivers -active
in 'JDACTBDataProvider::openDBInner', dbPath = /home/janec/Documents/svg_ae_rampup/project_zipline/Project-Zipline/dv/KME/run/ida.db/ida.shm, getExplicitLwdFlag() = null


**** found lwd dir to be: /home/janec/Documents/svg_ae_rampup/project_zipline/Project-Zipline/dv/KME/run/xcelium.d/worklib/kme_tb/v



**** found cdslib to be: /home/janec/Documents/svg_ae_rampup/project_zipline/Project-Zipline/dv/KME/run/xcelium.d/run.d/cds.lib

in 'SimConnect::loadSnapshotHelper', database handle 'ida' is already associated with the design. skipping process creation.

Dump Strap Design DB Order:

Strap design: simulator #8
 --> ida, path = /home/janec/Documents/svg_ae_rampup/project_zipline/Project-Zipline/dv/KME/run/ida.db/ida.shm/ida.dsn, dbH = 691, typeH = 4, session_id = 'sjcvl-janec|x86_64|794409|1755796869|0'

End of dump Strap Design DB Order


in 'JDACTBDataProvider::openDBInner', dbPath = ida.db/ida.shm, getExplicitLwdFlag() = null
in 'SimConnect::loadSnapshotHelper', database handle 'ida' is already associated with the design. skipping process creation.

Dump Strap Design DB Order:

Strap design: simulator #8
 --> ida, path = /home/janec/Documents/svg_ae_rampup/project_zipline/Project-Zipline/dv/KME/run/ida.db/ida.shm/ida.dsn, dbH = 691, typeH = 4, session_id = 'sjcvl-janec|x86_64|794409|1755796869|0'

End of dump Strap Design DB Order




**** found lwd dir to be: /home/janec/Documents/svg_ae_rampup/project_zipline/Project-Zipline/dv/KME/run/xcelium.d/worklib/kme_tb/v



**** found cdslib to be: /home/janec/Documents/svg_ae_rampup/project_zipline/Project-Zipline/dv/KME/run/xcelium.d/run.d/cds.lib

null
*** shutting down gRPC server since JVM is shutting down
*** server shut down
