Picked up _JAVA_OPTIONS:  -XX:+ExitOnOutOfMemoryError -XX:OnOutOfMemoryError="touch /home/janec/Documents/svg_ae_rampup/project_zipline/Project-Zipline/dv/KME/run/verisium_debug_logs/out_of_memory_error" 
CompilerOracle: exclude javax/swing/text/GlyphView.getBreakSpot
CompilerOracle: exclude javax/swing/text/GlyphView.getBreakSpot
Loading libdac.so from /grid/avs/install/verisium_debug/AGILE/latest//tools/lib/64bit/libdac.so

Dump Strap Design DB Order:

End of dump Strap Design DB Order




in 'SimConnect::_simcontrolConnect' overlay db = null, overlayH = 0, is valid = false, operation = dapOpen, duFilename = null, isLiveSim = true
in 'JDACTBDataProvider::notifyLiveConnectionDB', sessionId = 0


**** found lwd dir to be: /home/janec/Documents/svg_ae_rampup/project_zipline/Project-Zipline/dv/KME/run/xcelium.d/worklib/kme_tb/v



**** found cdslib to be: /home/janec/Documents/svg_ae_rampup/project_zipline/Project-Zipline/dv/KME/run/xcelium.d/run.d/cds.lib

in 'JDACTBDataProvider::notifyLiveConnectionDB', 'dbH' represents 'simulator' db.
PPEAttributes values:
    isAutofetch = false
    isPersistentSources = false
    isXprop = false
    cdslib = /home/janec/Documents/svg_ae_rampup/project_zipline/Project-Zipline/dv/KME/run/xcelium.d/run.d/cds.lib
    snapshot = worklib.kme_tb:v
    workdir = /home/janec/Documents/svg_ae_rampup/project_zipline/Project-Zipline/dv/KME/run
    xceliumDir = /home/janec/Documents/svg_ae_rampup/project_zipline/Project-Zipline/dv/KME/run/xcelium.d
    rundDir = /home/janec/Documents/svg_ae_rampup/project_zipline/Project-Zipline/dv/KME/run/xcelium.d/run.d
    bits = 64
    cds_implicit_tmpdir = 
    cds_alternate_tmpdir = 
    du_agent = 
    lwddir = /home/janec/Documents/svg_ae_rampup/project_zipline/Project-Zipline/dv/KME/run/xcelium.d/worklib/kme_tb/v
    cds_alternate_cdslib = 
    elab_options = 
    found = true
    nclsRun = false
    includeCdslib = true
    nclsOpts =  -snapshot -cdslib /home/janec/Documents/svg_ae_rampup/project_zipline/Project-Zipline/dv/KME/run/xcelium.d/run.d/cds.lib -64
    isMceMode = false
    isMceInvolved = false
    mceLshmDbPath = 
    lowPowerInformationAvailable = false
    hasLshmFile = false
    workdirIsDirectory = true
    hasOverlayRelatedInformation = true
    cds_implicit_tmplib = 
    cds_other_implicit_tmplibs = 


Dump Strap Design DB Order:

Strap design: simulator #8

End of dump Strap Design DB Order


### Excluding compile: javax.swing.text.GlyphView::getBreakSpot




Scripting Service started, listening on port 36685...


GOT COMMAND: 


Dump Strap Design DB Order:

End of dump Strap Design DB Order


14:07:48:748 [general] [pool-19-thread-1] ERROR - Error while trying to save debug state:javax.xml.bind.JAXBException
 - with linked exception:
[java.io.FileNotFoundException: /home/janec/Documents/svg_ae_rampup/project_zipline/Project-Zipline/dv/KME/run/.verisium_debug_auto_save/indago_auto_save_651067_.ustt/userState (No such file or directory)]
14:07:48:748 [general] [pool-19-thread-1] ERROR - Error while trying to save debug state
javax.xml.bind.JAXBException: null
	at javax.xml.bind.helpers.AbstractMarshallerImpl.marshal(AbstractMarshallerImpl.java:87) ~[?:2.2.0]
	at com.cadence.smartlog.bl.data.EngineManager.SaveRestoreEngine.SaveDebugUserStateToFile(SaveRestoreEngine.java:665) ~[?:?]
	at com.cadence.smartlog.bl.data.EngineManager.SaveRestoreEngine.saveDebugUserState(SaveRestoreEngine.java:104) ~[?:?]
	at com.cadence.smartlog.bl.data.EngineManager.EnginesManager.saveDebugUserState(EnginesManager.java:5292) ~[?:?]
	at com.cadence.smartlog.bl.data.EngineManager.EnginesManager.query(EnginesManager.java:9081) ~[?:?]
	at com.cadence.tie_interfaces.dal.query.handlers.DefaultQueryHandler.getResult(DefaultQueryHandler.java:34) ~[?:?]
	at com.cadence.indago.dal.query.DALQueryDelegate.query(DALQueryDelegate.java:106) ~[?:?]
	at com.cadence.smartlog.gui.data.GSLServicePool.saveUserState(GSLServicePool.java:3277) ~[?:?]
	at com.cadence.smartlog.gui.appl.GSLDebugManager.performSaveUserState(GSLDebugManager.java:4476) ~[?:?]
	at com.cadence.smartlog.bl.data.EngineManager.SaveRestoreEngine.createAutoSaveUserStateForThisUser(SaveRestoreEngine.java:861) ~[?:?]
	at com.cadence.smartlog.gui.data.GSLServicePool.createAutoSaveTask(GSLServicePool.java:2059) ~[?:?]
	at com.cadence.smartlog.gui.activities.GSLAutoSaveTask.run(GSLAutoSaveTask.java:34) ~[?:?]
	at java.util.concurrent.Executors$RunnableAdapter.call(Executors.java:511) ~[?:1.8.0_202-CDS_2021_b1]
	at java.util.concurrent.FutureTask.runAndReset(FutureTask.java:308) ~[?:1.8.0_202-CDS_2021_b1]
	at java.util.concurrent.ScheduledThreadPoolExecutor$ScheduledFutureTask.access$301(ScheduledThreadPoolExecutor.java:180) ~[?:1.8.0_202-CDS_2021_b1]
	at java.util.concurrent.ScheduledThreadPoolExecutor$ScheduledFutureTask.run(ScheduledThreadPoolExecutor.java:294) ~[?:1.8.0_202-CDS_2021_b1]
	at java.util.concurrent.ThreadPoolExecutor.runWorker(ThreadPoolExecutor.java:1149) ~[?:1.8.0_202-CDS_2021_b1]
	at java.util.concurrent.ThreadPoolExecutor$Worker.run(ThreadPoolExecutor.java:624) ~[?:1.8.0_202-CDS_2021_b1]
	at java.lang.Thread.run(Thread.java:748) ~[?:1.8.0_202-CDS_2021_b1]
Caused by: java.io.FileNotFoundException: /home/janec/Documents/svg_ae_rampup/project_zipline/Project-Zipline/dv/KME/run/.verisium_debug_auto_save/indago_auto_save_651067_.ustt/userState (No such file or directory)
	at java.io.FileOutputStream.open0(Native Method) ~[?:1.8.0_202-CDS_2021_b1]
	at java.io.FileOutputStream.open(FileOutputStream.java:270) ~[?:1.8.0_202-CDS_2021_b1]
	at java.io.FileOutputStream.<init>(FileOutputStream.java:213) ~[?:1.8.0_202-CDS_2021_b1]
	at java.io.FileOutputStream.<init>(FileOutputStream.java:162) ~[?:1.8.0_202-CDS_2021_b1]
	at javax.xml.bind.helpers.AbstractMarshallerImpl.marshal(AbstractMarshallerImpl.java:80) ~[?:2.2.0]
	... 18 more
send -input is undefined for the object
*** shutting down gRPC server since JVM is shutting down
*** server shut down
