14:06:15:615 [important] [FelixStartLevel] WARN  - InfoSource version is empty in getMajorMinorVersion()
14:06:15:615 [important] [FelixStartLevel] WARN  - InfoSource version not found!! skipping relevant version checks
14:06:16:616 [important] [FelixStartLevel] INFO  - xmsim gcc version is 9.3.0
14:06:16:616 [important] [FelixStartLevel] INFO  - indago gcc version is 9.3.0
14:06:17:617 [important] [TangoTaskManager-4] WARN  - An Indago Snapshot/LWD was not loaded. Scripting API functionality may be impacted.
14:06:18:618 [com.cadence.smartlog.bl.common.SLUtils] [TangoTaskManager-5] INFO  - query: 
14:06:42:642 [user_actions] [AWT-EventQueue-0] DEBUG - ToogleSearchToolbar (ToggleAction)
	selected[0] = 

14:06:43:643 [user_actions] [AWT-EventQueue-0] DEBUG - ToggleMeasurementToolbar (ToggleAction)
	selected[0] = 

14:06:44:644 [user_actions] [AWT-EventQueue-0] DEBUG - refreshSchematicAttributes (SchematicActionsManager$25)

14:06:44:644 [user_actions] [AWT-EventQueue-0] DEBUG - LiveSimulationRefreshWaveform (GSLLiveSimulationRefreshWaveformAction)

14:06:45:645 [user_actions] [AWT-EventQueue-0] DEBUG - LiveSimulationRefreshWaveform (GSLLiveSimulationRefreshWaveformAction)

14:06:45:645 [user_actions] [AWT-EventQueue-0] DEBUG - LiveSimulationRefreshWaveform (GSLLiveSimulationRefreshWaveformAction)

14:06:46:646 [important] [TangoTaskManager-4] INFO  - ScriptingActivator while loop has finished
14:06:49:649 [user_actions] [AWT-EventQueue-0] DEBUG - refreshSchematicAttributes (SchematicActionsManager$25)

14:21:57:2157 [user_actions] [AWT-EventQueue-0] DEBUG - sendToWaveformActionSet (GSLSendToWaveActionSet)
	source = designTopsTreeTable_topsSignalsTreeTable
	entities[17] = 
		[0] kme_tb.kme_dut.u_cr_kme_core.kme_is_core.drng.drng.start
		[1] kme_tb.kme_dut.u_cr_kme_core.kme_is_core.drng.drng.KeyInStall
		..
		[8] kme_tb.kme_dut.u_cr_kme_core.kme_is_core.drng.drng.clk
		..
		[15] kme_tb.kme_dut.u_cr_kme_core.kme_is_core.drng.drng.reseed_counter[47:0]
		[16] kme_tb.kme_dut.u_cr_kme_core.kme_is_core.drng.drng.reseed_counter_limit[47:0]

14:22:04:224 [user_actions] [AWT-EventQueue-0] DEBUG - dndaction (GUFITransferHandler$DnDAction)
	source = WAVEFORMTreeTable (GTXWaveTreeTable)
	target = WAVEFORMTreeTable (GTXWaveTreeTable)
	entity = kme_tb.kme_dut.u_cr_kme_core.kme_is_core.drng.drng.clk

14:22:25:2225 [user_actions] [AWT-EventQueue-0] DEBUG - addTabBp (GSLTimeBreakpointTypeTabBox$1)

14:22:34:2234 [user_actions] [AWT-EventQueue-0] DEBUG - applyBreakpointAction (GSLBreakPointManagerDialog$9)

14:22:36:2236 [user_actions] [AWT-EventQueue-0] DEBUG - LiveSimulationRefreshWaveform (GSLLiveSimulationRefreshWaveformAction)

14:22:49:2249 [user_actions] [AWT-EventQueue-0] DEBUG - deltaRunAction (GSLInteractiveRunPopup$1)

14:22:49:2249 [user_actions] [AWT-EventQueue-0] DEBUG - RUN_FORWARD (GSLDebugStepAction)

14:22:50:2250 [user_actions] [AWT-EventQueue-0] DEBUG - LiveSimulationRefreshWaveform (GSLLiveSimulationRefreshWaveformAction)

14:22:52:2252 [user_actions] [AWT-EventQueue-0] DEBUG - deltaRunAction (GSLInteractiveRunPopup$1)

14:22:52:2252 [user_actions] [AWT-EventQueue-0] DEBUG - RUN_FORWARD (GSLDebugStepAction)

14:22:52:2252 [user_actions] [AWT-EventQueue-0] DEBUG - LiveSimulationRefreshWaveform (GSLLiveSimulationRefreshWaveformAction)

14:22:53:2253 [user_actions] [AWT-EventQueue-0] DEBUG - deltaRunAction (GSLInteractiveRunPopup$1)

14:22:53:2253 [user_actions] [AWT-EventQueue-0] DEBUG - RUN_FORWARD (GSLDebugStepAction)

14:22:54:2254 [user_actions] [AWT-EventQueue-0] DEBUG - LiveSimulationRefreshWaveform (GSLLiveSimulationRefreshWaveformAction)

14:22:54:2254 [user_actions] [AWT-EventQueue-0] DEBUG - deltaRunAction (GSLInteractiveRunPopup$1)

14:22:55:2255 [user_actions] [AWT-EventQueue-0] DEBUG - RUN_FORWARD (GSLDebugStepAction)

14:22:55:2255 [user_actions] [AWT-EventQueue-0] DEBUG - LiveSimulationRefreshWaveform (GSLLiveSimulationRefreshWaveformAction)

14:22:55:2255 [user_actions] [AWT-EventQueue-0] DEBUG - deltaRunAction (GSLInteractiveRunPopup$1)

14:22:56:2256 [user_actions] [AWT-EventQueue-0] DEBUG - RUN_FORWARD (GSLDebugStepAction)

14:22:57:2257 [user_actions] [AWT-EventQueue-0] DEBUG - LiveSimulationRefreshWaveform (GSLLiveSimulationRefreshWaveformAction)

14:22:57:2257 [user_actions] [AWT-EventQueue-0] DEBUG - deltaRunAction (GSLInteractiveRunPopup$1)

14:22:57:2257 [user_actions] [AWT-EventQueue-0] DEBUG - RUN_FORWARD (GSLDebugStepAction)

14:22:57:2257 [user_actions] [AWT-EventQueue-0] DEBUG - LiveSimulationRefreshWaveform (GSLLiveSimulationRefreshWaveformAction)

14:23:02:232 [user_actions] [AWT-EventQueue-0] DEBUG - New Map (MnemonicMapAction)
	selected = kme_tb.kme_dut.u_cr_kme_core.kme_is_core.drng.drng.cur_state

14:23:05:235 [user_actions] [AWT-EventQueue-0] DEBUG - Apply (SwingMnemonicMapEditController$4)
	dialog = Mnemonic_Maps (SwingMnemonicMapEditController$1)

14:23:13:2313 [user_actions] [AWT-EventQueue-0] DEBUG - SetMap (MnemonicMapAction)
	map = com.cadence.indago.mmap.MnemonicMap@31d40229

14:23:16:2316 [user_actions] [AWT-EventQueue-0] DEBUG - deltaRunAction (GSLInteractiveRunPopup$1)

14:23:16:2316 [user_actions] [AWT-EventQueue-0] DEBUG - RUN_FORWARD (GSLDebugStepAction)

14:23:16:2316 [user_actions] [AWT-EventQueue-0] DEBUG - LiveSimulationRefreshWaveform (GSLLiveSimulationRefreshWaveformAction)

14:23:19:2319 [user_actions] [AWT-EventQueue-0] DEBUG - deltaRunAction (GSLInteractiveRunPopup$1)

14:23:19:2319 [user_actions] [AWT-EventQueue-0] DEBUG - RUN_FORWARD (GSLDebugStepAction)

14:23:19:2319 [user_actions] [AWT-EventQueue-0] DEBUG - LiveSimulationRefreshWaveform (GSLLiveSimulationRefreshWaveformAction)

14:23:21:2321 [user_actions] [AWT-EventQueue-0] DEBUG - deltaRunAction (GSLInteractiveRunPopup$1)

14:23:21:2321 [user_actions] [AWT-EventQueue-0] DEBUG - RUN_FORWARD (GSLDebugStepAction)

14:23:21:2321 [user_actions] [AWT-EventQueue-0] DEBUG - LiveSimulationRefreshWaveform (GSLLiveSimulationRefreshWaveformAction)

14:23:23:2323 [user_actions] [AWT-EventQueue-0] DEBUG - deltaRunAction (GSLInteractiveRunPopup$1)

14:23:23:2323 [user_actions] [AWT-EventQueue-0] DEBUG - RUN_FORWARD (GSLDebugStepAction)

14:23:23:2323 [user_actions] [AWT-EventQueue-0] DEBUG - LiveSimulationRefreshWaveform (GSLLiveSimulationRefreshWaveformAction)

14:23:25:2325 [user_actions] [AWT-EventQueue-0] DEBUG - deltaRunAction (GSLInteractiveRunPopup$1)

14:23:25:2325 [user_actions] [AWT-EventQueue-0] DEBUG - RUN_FORWARD (GSLDebugStepAction)

14:23:25:2325 [user_actions] [AWT-EventQueue-0] DEBUG - LiveSimulationRefreshWaveform (GSLLiveSimulationRefreshWaveformAction)

14:28:55:2855 [user_actions] [AWT-EventQueue-0] DEBUG - deltaRunAction (GSLInteractiveRunPopup$1)

14:28:55:2855 [user_actions] [AWT-EventQueue-0] DEBUG - RUN_FORWARD (GSLDebugStepAction)

14:28:55:2855 [user_actions] [AWT-EventQueue-0] DEBUG - LiveSimulationRefreshWaveform (GSLLiveSimulationRefreshWaveformAction)

14:29:17:2917 [user_actions] [AWT-EventQueue-0] DEBUG - deltaRunAction (GSLInteractiveRunPopup$1)

14:29:17:2917 [user_actions] [AWT-EventQueue-0] DEBUG - RUN_FORWARD (GSLDebugStepAction)

14:29:17:2917 [user_actions] [AWT-EventQueue-0] DEBUG - LiveSimulationRefreshWaveform (GSLLiveSimulationRefreshWaveformAction)

14:29:19:2919 [user_actions] [AWT-EventQueue-0] DEBUG - deltaRunAction (GSLInteractiveRunPopup$1)

14:29:19:2919 [user_actions] [AWT-EventQueue-0] DEBUG - RUN_FORWARD (GSLDebugStepAction)

14:29:19:2919 [user_actions] [AWT-EventQueue-0] DEBUG - LiveSimulationRefreshWaveform (GSLLiveSimulationRefreshWaveformAction)

14:29:21:2921 [user_actions] [AWT-EventQueue-0] DEBUG - deltaRunAction (GSLInteractiveRunPopup$1)

14:29:21:2921 [user_actions] [AWT-EventQueue-0] DEBUG - RUN_FORWARD (GSLDebugStepAction)

14:29:21:2921 [user_actions] [AWT-EventQueue-0] DEBUG - LiveSimulationRefreshWaveform (GSLLiveSimulationRefreshWaveformAction)

14:29:22:2922 [user_actions] [AWT-EventQueue-0] DEBUG - deltaRunAction (GSLInteractiveRunPopup$1)

14:29:22:2922 [user_actions] [AWT-EventQueue-0] DEBUG - RUN_FORWARD (GSLDebugStepAction)

14:29:22:2922 [user_actions] [AWT-EventQueue-0] DEBUG - LiveSimulationRefreshWaveform (GSLLiveSimulationRefreshWaveformAction)

14:29:23:2923 [user_actions] [AWT-EventQueue-0] DEBUG - deltaRunAction (GSLInteractiveRunPopup$1)

14:29:23:2923 [user_actions] [AWT-EventQueue-0] DEBUG - deltaRunAction (GSLInteractiveRunPopup$1)

14:29:23:2923 [user_actions] [AWT-EventQueue-0] DEBUG - RUN_FORWARD (GSLDebugStepAction)

14:29:23:2923 [user_actions] [AWT-EventQueue-0] DEBUG - RUN_FORWARD (GSLDebugStepAction)

14:29:23:2923 [user_actions] [AWT-EventQueue-0] DEBUG - LiveSimulationRefreshWaveform (GSLLiveSimulationRefreshWaveformAction)

14:29:24:2924 [user_actions] [AWT-EventQueue-0] DEBUG - deltaRunAction (GSLInteractiveRunPopup$1)

14:29:24:2924 [user_actions] [AWT-EventQueue-0] DEBUG - RUN_FORWARD (GSLDebugStepAction)

14:29:24:2924 [user_actions] [AWT-EventQueue-0] DEBUG - LiveSimulationRefreshWaveform (GSLLiveSimulationRefreshWaveformAction)

14:29:31:2931 [user_actions] [AWT-EventQueue-0] DEBUG - deltaRunAction (GSLInteractiveRunPopup$1)

14:29:31:2931 [user_actions] [AWT-EventQueue-0] DEBUG - RUN_FORWARD (GSLDebugStepAction)

14:29:31:2931 [user_actions] [AWT-EventQueue-0] DEBUG - LiveSimulationRefreshWaveform (GSLLiveSimulationRefreshWaveformAction)

14:29:41:2941 [user_actions] [AWT-EventQueue-0] DEBUG - deltaRunAction (GSLInteractiveRunPopup$1)

14:29:41:2941 [user_actions] [AWT-EventQueue-0] DEBUG - RUN_FORWARD (GSLDebugStepAction)

14:29:41:2941 [user_actions] [AWT-EventQueue-0] DEBUG - LiveSimulationRefreshWaveform (GSLLiveSimulationRefreshWaveformAction)

14:29:43:2943 [user_actions] [AWT-EventQueue-0] DEBUG - deltaRunAction (GSLInteractiveRunPopup$1)

14:29:43:2943 [user_actions] [AWT-EventQueue-0] DEBUG - RUN_FORWARD (GSLDebugStepAction)

14:29:43:2943 [user_actions] [AWT-EventQueue-0] DEBUG - LiveSimulationRefreshWaveform (GSLLiveSimulationRefreshWaveformAction)

