09:17:48:1748 [important] [FelixStartLevel] WARN  - InfoSource version is empty in getMajorMinorVersion()
09:17:48:1748 [important] [FelixStartLevel] WARN  - InfoSource version not found!! skipping relevant version checks
09:17:49:1749 [important] [FelixStartLevel] INFO  - xmsim gcc version is 9.3.0
09:17:49:1749 [important] [FelixStartLevel] INFO  - indago gcc version is 9.3.0
09:17:50:1750 [important] [TangoTaskManager-4] WARN  - An Indago Snapshot/LWD was not loaded. Scripting API functionality may be impacted.
09:17:53:1753 [com.cadence.smartlog.bl.common.SLUtils] [TangoTaskManager-5] INFO  - query: 
09:18:15:1815 [user_actions] [AWT-EventQueue-0] DEBUG - ToogleSearchToolbar (ToggleAction)
	selected[0] = 

09:18:15:1815 [user_actions] [AWT-EventQueue-0] DEBUG - ToggleMeasurementToolbar (ToggleAction)
	selected[0] = 

09:18:16:1816 [user_actions] [AWT-EventQueue-0] DEBUG - refreshSchematicAttributes (SchematicActionsManager$25)

09:18:17:1817 [user_actions] [AWT-EventQueue-0] DEBUG - LiveSimulationRefreshWaveform (GSLLiveSimulationRefreshWaveformAction)

09:18:18:1818 [user_actions] [AWT-EventQueue-0] DEBUG - LiveSimulationRefreshWaveform (GSLLiveSimulationRefreshWaveformAction)

09:18:19:1819 [user_actions] [AWT-EventQueue-0] DEBUG - LiveSimulationRefreshWaveform (GSLLiveSimulationRefreshWaveformAction)

09:18:20:1820 [important] [TangoTaskManager-4] INFO  - ScriptingActivator while loop has finished
09:18:26:1826 [user_actions] [AWT-EventQueue-0] DEBUG - refreshSchematicAttributes (SchematicActionsManager$25)

09:19:22:1922 [user_actions] [AWT-EventQueue-0] DEBUG - sendToWaveformActionSet (GSLSendToWaveActionSet)
	source = designTopsTreeTable
	entity = kme_tb.kme_dut

09:19:33:1933 [user_actions] [AWT-EventQueue-0] DEBUG - sendToWaveformActionSet (GSLSendToWaveActionSet)
	source = designTopsTreeTable
	entity = kme_tb.apb_xactor

09:19:48:1948 [user_actions] [AWT-EventQueue-0] DEBUG - runToAction (GSLInteractiveRunPopup$4)

09:19:48:1948 [user_actions] [AWT-EventQueue-0] DEBUG - RUN_FORWARD (GSLDebugStepAction)

09:19:49:1949 [user_actions] [AWT-EventQueue-0] DEBUG - LiveSimulationRefreshWaveform (GSLLiveSimulationRefreshWaveformAction)

09:19:49:1949 [user_actions] [AWT-EventQueue-0] DEBUG - LiveSimulationRefreshWaveform (GSLLiveSimulationRefreshWaveformAction)

09:19:49:1949 [user_actions] [AWT-EventQueue-0] DEBUG - LiveSimulationRefreshWaveform (GSLLiveSimulationRefreshWaveformAction)

09:19:52:1952 [user_actions] [AWT-EventQueue-0] DEBUG - runToAction (GSLInteractiveRunPopup$4)

09:19:52:1952 [user_actions] [AWT-EventQueue-0] DEBUG - RUN_FORWARD (GSLDebugStepAction)

09:19:52:1952 [user_actions] [AWT-EventQueue-0] DEBUG - LiveSimulationRefreshWaveform (GSLLiveSimulationRefreshWaveformAction)

09:20:04:204 [user_actions] [AWT-EventQueue-0] DEBUG - RESET (GSLDebugStepAction)

09:20:15:2015 [user_actions] [AWT-EventQueue-0] DEBUG - deltaRunAction (GSLInteractiveRunPopup$1)

09:20:15:2015 [user_actions] [AWT-EventQueue-0] DEBUG - RUN_FORWARD (GSLDebugStepAction)

09:20:15:2015 [user_actions] [AWT-EventQueue-0] DEBUG - LiveSimulationRefreshWaveform (GSLLiveSimulationRefreshWaveformAction)

09:20:26:2026 [user_actions] [AWT-EventQueue-0] DEBUG - deltaRunAction (GSLInteractiveRunPopup$1)

09:20:26:2026 [user_actions] [AWT-EventQueue-0] DEBUG - RUN_FORWARD (GSLDebugStepAction)

09:20:26:2026 [user_actions] [AWT-EventQueue-0] DEBUG - LiveSimulationRefreshWaveform (GSLLiveSimulationRefreshWaveformAction)

09:20:29:2029 [user_actions] [AWT-EventQueue-0] DEBUG - deltaRunAction (GSLInteractiveRunPopup$1)

09:20:29:2029 [user_actions] [AWT-EventQueue-0] DEBUG - RUN_FORWARD (GSLDebugStepAction)

09:20:29:2029 [user_actions] [AWT-EventQueue-0] DEBUG - LiveSimulationRefreshWaveform (GSLLiveSimulationRefreshWaveformAction)

09:20:34:2034 [user_actions] [AWT-EventQueue-0] DEBUG - deltaRunAction (GSLInteractiveRunPopup$1)

09:20:34:2034 [user_actions] [AWT-EventQueue-0] DEBUG - RUN_FORWARD (GSLDebugStepAction)

09:20:34:2034 [user_actions] [AWT-EventQueue-0] DEBUG - LiveSimulationRefreshWaveform (GSLLiveSimulationRefreshWaveformAction)

09:20:38:2038 [user_actions] [AWT-EventQueue-0] DEBUG - deltaRunAction (GSLInteractiveRunPopup$1)

09:20:38:2038 [user_actions] [AWT-EventQueue-0] DEBUG - RUN_FORWARD (GSLDebugStepAction)

09:20:38:2038 [user_actions] [AWT-EventQueue-0] DEBUG - LiveSimulationRefreshWaveform (GSLLiveSimulationRefreshWaveformAction)

09:20:41:2041 [user_actions] [AWT-EventQueue-0] DEBUG - deltaRunAction (GSLInteractiveRunPopup$1)

09:20:41:2041 [user_actions] [AWT-EventQueue-0] DEBUG - RUN_FORWARD (GSLDebugStepAction)

09:20:41:2041 [user_actions] [AWT-EventQueue-0] DEBUG - LiveSimulationRefreshWaveform (GSLLiveSimulationRefreshWaveformAction)

09:20:59:2059 [user_actions] [AWT-EventQueue-0] DEBUG - deltaRunAction (GSLInteractiveRunPopup$1)

09:20:59:2059 [user_actions] [AWT-EventQueue-0] DEBUG - RUN_FORWARD (GSLDebugStepAction)

09:20:59:2059 [user_actions] [AWT-EventQueue-0] DEBUG - LiveSimulationRefreshWaveform (GSLLiveSimulationRefreshWaveformAction)

09:21:03:213 [user_actions] [AWT-EventQueue-0] DEBUG - deltaRunAction (GSLInteractiveRunPopup$1)

09:21:03:213 [user_actions] [AWT-EventQueue-0] DEBUG - RUN_FORWARD (GSLDebugStepAction)

09:21:03:213 [user_actions] [AWT-EventQueue-0] DEBUG - LiveSimulationRefreshWaveform (GSLLiveSimulationRefreshWaveformAction)

09:21:07:217 [user_actions] [AWT-EventQueue-0] DEBUG - deltaRunAction (GSLInteractiveRunPopup$1)

09:21:07:217 [user_actions] [AWT-EventQueue-0] DEBUG - RUN_FORWARD (GSLDebugStepAction)

09:21:07:217 [user_actions] [AWT-EventQueue-0] DEBUG - LiveSimulationRefreshWaveform (GSLLiveSimulationRefreshWaveformAction)

09:21:12:2112 [user_actions] [AWT-EventQueue-0] DEBUG - deltaRunAction (GSLInteractiveRunPopup$1)

09:21:12:2112 [user_actions] [AWT-EventQueue-0] DEBUG - RUN_FORWARD (GSLDebugStepAction)

09:21:12:2112 [user_actions] [AWT-EventQueue-0] DEBUG - LiveSimulationRefreshWaveform (GSLLiveSimulationRefreshWaveformAction)

09:21:14:2114 [user_actions] [AWT-EventQueue-0] DEBUG - deltaRunAction (GSLInteractiveRunPopup$1)

09:21:14:2114 [user_actions] [AWT-EventQueue-0] DEBUG - RUN_FORWARD (GSLDebugStepAction)

09:21:14:2114 [user_actions] [AWT-EventQueue-0] DEBUG - LiveSimulationRefreshWaveform (GSLLiveSimulationRefreshWaveformAction)

09:21:17:2117 [user_actions] [AWT-EventQueue-0] DEBUG - deltaRunAction (GSLInteractiveRunPopup$1)

09:21:17:2117 [user_actions] [AWT-EventQueue-0] DEBUG - RUN_FORWARD (GSLDebugStepAction)

09:21:17:2117 [user_actions] [AWT-EventQueue-0] DEBUG - LiveSimulationRefreshWaveform (GSLLiveSimulationRefreshWaveformAction)

09:21:19:2119 [user_actions] [AWT-EventQueue-0] DEBUG - deltaRunAction (GSLInteractiveRunPopup$1)

09:21:19:2119 [user_actions] [AWT-EventQueue-0] DEBUG - RUN_FORWARD (GSLDebugStepAction)

09:21:19:2119 [user_actions] [AWT-EventQueue-0] DEBUG - LiveSimulationRefreshWaveform (GSLLiveSimulationRefreshWaveformAction)

09:21:23:2123 [user_actions] [AWT-EventQueue-0] DEBUG - deltaRunAction (GSLInteractiveRunPopup$1)

09:21:23:2123 [user_actions] [AWT-EventQueue-0] DEBUG - RUN_FORWARD (GSLDebugStepAction)

09:21:23:2123 [user_actions] [AWT-EventQueue-0] DEBUG - LiveSimulationRefreshWaveform (GSLLiveSimulationRefreshWaveformAction)

09:21:25:2125 [user_actions] [AWT-EventQueue-0] DEBUG - deltaRunAction (GSLInteractiveRunPopup$1)

09:21:25:2125 [user_actions] [AWT-EventQueue-0] DEBUG - RUN_FORWARD (GSLDebugStepAction)

09:21:25:2125 [user_actions] [AWT-EventQueue-0] DEBUG - LiveSimulationRefreshWaveform (GSLLiveSimulationRefreshWaveformAction)

09:21:30:2130 [user_actions] [AWT-EventQueue-0] DEBUG - deltaRunAction (GSLInteractiveRunPopup$1)

09:21:30:2130 [user_actions] [AWT-EventQueue-0] DEBUG - RUN_FORWARD (GSLDebugStepAction)

09:21:30:2130 [user_actions] [AWT-EventQueue-0] DEBUG - LiveSimulationRefreshWaveform (GSLLiveSimulationRefreshWaveformAction)

09:21:32:2132 [user_actions] [AWT-EventQueue-0] DEBUG - deltaRunAction (GSLInteractiveRunPopup$1)

09:21:32:2132 [user_actions] [AWT-EventQueue-0] DEBUG - RUN_FORWARD (GSLDebugStepAction)

09:21:32:2132 [user_actions] [AWT-EventQueue-0] DEBUG - LiveSimulationRefreshWaveform (GSLLiveSimulationRefreshWaveformAction)

09:21:33:2133 [user_actions] [AWT-EventQueue-0] DEBUG - deltaRunAction (GSLInteractiveRunPopup$1)

09:21:33:2133 [user_actions] [AWT-EventQueue-0] DEBUG - RUN_FORWARD (GSLDebugStepAction)

09:21:34:2134 [user_actions] [AWT-EventQueue-0] DEBUG - LiveSimulationRefreshWaveform (GSLLiveSimulationRefreshWaveformAction)

09:21:35:2135 [user_actions] [AWT-EventQueue-0] DEBUG - deltaRunAction (GSLInteractiveRunPopup$1)

09:21:35:2135 [user_actions] [AWT-EventQueue-0] DEBUG - RUN_FORWARD (GSLDebugStepAction)

09:21:35:2135 [user_actions] [AWT-EventQueue-0] DEBUG - LiveSimulationRefreshWaveform (GSLLiveSimulationRefreshWaveformAction)

09:21:40:2140 [user_actions] [AWT-EventQueue-0] DEBUG - deltaRunAction (GSLInteractiveRunPopup$1)

09:21:40:2140 [user_actions] [AWT-EventQueue-0] DEBUG - RUN_FORWARD (GSLDebugStepAction)

09:21:40:2140 [user_actions] [AWT-EventQueue-0] DEBUG - LiveSimulationRefreshWaveform (GSLLiveSimulationRefreshWaveformAction)

09:21:41:2141 [user_actions] [AWT-EventQueue-0] DEBUG - deltaRunAction (GSLInteractiveRunPopup$1)

09:21:41:2141 [user_actions] [AWT-EventQueue-0] DEBUG - RUN_FORWARD (GSLDebugStepAction)

09:21:41:2141 [user_actions] [AWT-EventQueue-0] DEBUG - LiveSimulationRefreshWaveform (GSLLiveSimulationRefreshWaveformAction)

09:21:42:2142 [user_actions] [AWT-EventQueue-0] DEBUG - deltaRunAction (GSLInteractiveRunPopup$1)

09:21:42:2142 [user_actions] [AWT-EventQueue-0] DEBUG - RUN_FORWARD (GSLDebugStepAction)

09:21:44:2144 [user_actions] [AWT-EventQueue-0] DEBUG - deltaRunAction (GSLInteractiveRunPopup$1)

09:21:47:2147 [user_actions] [AWT-EventQueue-0] DEBUG - deltaRunAction (GSLInteractiveRunPopup$1)

09:21:48:2148 [user_actions] [AWT-EventQueue-0] DEBUG - deltaRunAction (GSLInteractiveRunPopup$1)

