xrun(64): 24.09-s010: (c) Copyright 1995-2025 Cadence Design Systems, Inc.
TOOL:	xrun(64)	24.09-s010: Started on Aug 19, 2025 at 13:21:20 PDT
xrun
	-64bit
	-sv
	-access +rwc
	-f zipline.vlist
		-f /home/janec/Documents/svg_ae_rampup/project_zipline/Project-Zipline/rtl/cr_cceip_64/cr_cceip_64.vlist
			+define+ENA_BIMC+
			+libext+.v
			+libext+.sv
			+incdir+/home/janec/Documents/svg_ae_rampup/project_zipline/Project-Zipline/rtl/common/include
			+incdir+/home/janec/Documents/svg_ae_rampup/project_zipline/Project-Zipline/rtl/cr_cceip_64
			+incdir+/home/janec/Documents/svg_ae_rampup/project_zipline/Project-Zipline/rtl/common/nx_library
			+incdir+/home/janec/Documents/svg_ae_rampup/project_zipline/Project-Zipline/rtl/common/axi
			+incdir+/home/janec/Documents/svg_ae_rampup/project_zipline/Project-Zipline/rtl/cr_isf
			+incdir+/home/janec/Documents/svg_ae_rampup/project_zipline/Project-Zipline/rtl/cr_osf
			+incdir+/home/janec/Documents/svg_ae_rampup/project_zipline/Project-Zipline/rtl/cr_cg
			+incdir+/home/janec/Documents/svg_ae_rampup/project_zipline/Project-Zipline/rtl/cr_crcgc
			+incdir+/home/janec/Documents/svg_ae_rampup/project_zipline/Project-Zipline/rtl/cr_prefix
			+incdir+/home/janec/Documents/svg_ae_rampup/project_zipline/Project-Zipline/rtl/cr_prefix_attach
			+incdir+/home/janec/Documents/svg_ae_rampup/project_zipline/Project-Zipline/rtl/cr_lz77_comp
			+incdir+/home/janec/Documents/svg_ae_rampup/project_zipline/Project-Zipline/rtl/cr_huf_comp
			+incdir+/home/janec/Documents/svg_ae_rampup/project_zipline/Project-Zipline/rtl/cr_xp10_decomp
			+incdir+/home/janec/Documents/svg_ae_rampup/project_zipline/Project-Zipline/rtl/cr_cceip_64_support
			+incdir+/home/janec/Documents/svg_ae_rampup/project_zipline/Project-Zipline/rtl/cr_cceip_64_sa
			+incdir+/home/janec/Documents/svg_ae_rampup/project_zipline/Project-Zipline/rtl/cr_su
			+incdir+/home/janec/Documents/svg_ae_rampup/project_zipline/Project-Zipline/rtl/mem_wrappers/bimc_master/top
			-y /home/janec/Documents/svg_ae_rampup/project_zipline/Project-Zipline/rtl/common
			-y /home/janec/Documents/svg_ae_rampup/project_zipline/Project-Zipline/rtl/common/nx_library
			-y /home/janec/Documents/svg_ae_rampup/project_zipline/Project-Zipline/rtl/common/cr_tlvp
			-y /home/janec/Documents/svg_ae_rampup/project_zipline/Project-Zipline/rtl/common/cr_tlvp_apps
			-y /home/janec/Documents/svg_ae_rampup/project_zipline/Project-Zipline/rtl/common/cr_crc
			-y /home/janec/Documents/svg_ae_rampup/project_zipline/Project-Zipline/rtl/common/axi
			-y /home/janec/Documents/svg_ae_rampup/project_zipline/Project-Zipline/rtl/common/cr_adler
			-y /home/janec/Documents/svg_ae_rampup/project_zipline/Project-Zipline/rtl/common/cr_crc16t
			-y /home/janec/Documents/svg_ae_rampup/project_zipline/Project-Zipline/rtl/common/fifo
			-y /home/janec/Documents/svg_ae_rampup/project_zipline/Project-Zipline/rtl/cr_isf
			-y /home/janec/Documents/svg_ae_rampup/project_zipline/Project-Zipline/rtl/cr_osf
			-y /home/janec/Documents/svg_ae_rampup/project_zipline/Project-Zipline/rtl/cr_cg
			-y /home/janec/Documents/svg_ae_rampup/project_zipline/Project-Zipline/rtl/cr_crcgc
			-y /home/janec/Documents/svg_ae_rampup/project_zipline/Project-Zipline/rtl/cr_prefix
			-y /home/janec/Documents/svg_ae_rampup/project_zipline/Project-Zipline/rtl/cr_prefix_attach
			-y /home/janec/Documents/svg_ae_rampup/project_zipline/Project-Zipline/rtl/cr_huf_comp
			-y /home/janec/Documents/svg_ae_rampup/project_zipline/Project-Zipline/rtl/cr_xp10_decomp
			-y /home/janec/Documents/svg_ae_rampup/project_zipline/Project-Zipline/rtl/cr_cceip_64_support
			-y /home/janec/Documents/svg_ae_rampup/project_zipline/Project-Zipline/rtl/cr_cceip_64_sa
			-y /home/janec/Documents/svg_ae_rampup/project_zipline/Project-Zipline/rtl/cr_su
			-y /home/janec/Documents/svg_ae_rampup/project_zipline/Project-Zipline/rtl/mem_wrappers/bimc_master/top
			-y /home/janec/Documents/svg_ae_rampup/project_zipline/Project-Zipline/rtl/cr_lz77_comp
			/home/janec/Documents/svg_ae_rampup/project_zipline/Project-Zipline/rtl/cr_cceip_64/cr_cceip_64.v
		-incdir /home/janec/Documents/svg_ae_rampup/project_zipline/Project-Zipline/dv/agents/apb
		-incdir /home/janec/Documents/svg_ae_rampup/project_zipline/Project-Zipline/dv/CCE_64/tb_top
		/home/janec/Documents/svg_ae_rampup/project_zipline/Project-Zipline/dv/agents/apb/apb_xactor.v
		./zipline_tb.v
	+define+TESTNAME=xp10
	+define+SEED=1
	-top zipline_tb
	-timescale 1ns/1ps
	-l xrun.log
xmvlog: *W,NOTIND: unable to access -INCDIR /home/janec/Documents/svg_ae_rampup/project_zipline/Project-Zipline/dv/CCE_64/tb_top (No such file or directory).
file: ./zipline_tb.v
        $value$plusargs("SEED=%d", seed);
                      |
xmvlog: *W,NOSYST (./zipline_tb.v,146|22): System function '$value$plusargs' invoked as a task. Return value will be ignored.
        $value$plusargs("TESTNAME=%s", testname);
                      |
xmvlog: *W,NOSYST (./zipline_tb.v,152|22): System function '$value$plusargs' invoked as a task. Return value will be ignored.
          $value$plusargs("fsdbfile+%s", fsdbFilename);
                        |
xmvlog: *W,NOSYST (./zipline_tb.v,160|24): System function '$value$plusargs' invoked as a task. Return value will be ignored.
file: /home/janec/Documents/svg_ae_rampup/project_zipline/Project-Zipline/rtl/cr_isf/cr_isf.v
`include "cr_isf.vh"
                   |
xmvlog: *W,NORECI (/home/janec/Documents/svg_ae_rampup/project_zipline/Project-Zipline/rtl/cr_isf/cr_isfPKG.svp,12|19): input source text recursion detected for '/home/janec/Documents/svg_ae_rampup/project_zipline/Project-Zipline/rtl/cr_isf/cr_isf.vh' (`include source file).
file: /home/janec/Documents/svg_ae_rampup/project_zipline/Project-Zipline/rtl/cr_isf/cr_isf_tlv_mods.v
   `CCX_STD_CALC_BIP2(get_bip2, `AXI_S_DP_DWIDTH);  
                                                 |
xmvlog: *W,UEXPSC (/home/janec/Documents/svg_ae_rampup/project_zipline/Project-Zipline/rtl/cr_isf/cr_isf_tlv_mods.v,312|49): Ignored unexpected semicolon following SystemVerilog description keyword (get_bip2).
file: /home/janec/Documents/svg_ae_rampup/project_zipline/Project-Zipline/rtl/cr_osf/cr_osf.v
`include "cr_osf.vh"
                   |
xmvlog: *W,NORECI (/home/janec/Documents/svg_ae_rampup/project_zipline/Project-Zipline/rtl/cr_osf/cr_osfPKG.svp,12|19): input source text recursion detected for '/home/janec/Documents/svg_ae_rampup/project_zipline/Project-Zipline/rtl/cr_osf/cr_osf.vh' (`include source file).
file: /home/janec/Documents/svg_ae_rampup/project_zipline/Project-Zipline/rtl/cr_cg/cr_cg.v
`include "cr_cg.vh"
                  |
xmvlog: *W,NORECI (/home/janec/Documents/svg_ae_rampup/project_zipline/Project-Zipline/rtl/cr_cg/cr_cgPKG.svp,12|18): input source text recursion detected for '/home/janec/Documents/svg_ae_rampup/project_zipline/Project-Zipline/rtl/cr_cg/cr_cg.vh' (`include source file).
file: /home/janec/Documents/svg_ae_rampup/project_zipline/Project-Zipline/rtl/cr_cg/cr_cg_tlv_mods.v
  `CCX_STD_CALC_BIP2(get_bip2, `AXI_S_DP_DWIDTH);  
                                                |
xmvlog: *W,UEXPSC (/home/janec/Documents/svg_ae_rampup/project_zipline/Project-Zipline/rtl/cr_cg/cr_cg_tlv_mods.v,233|48): Ignored unexpected semicolon following SystemVerilog description keyword (get_bip2).
file: /home/janec/Documents/svg_ae_rampup/project_zipline/Project-Zipline/rtl/cr_crcgc/cr_crcgc.v
`include "cr_crcgc.vh"
                     |
xmvlog: *W,NORECI (/home/janec/Documents/svg_ae_rampup/project_zipline/Project-Zipline/rtl/cr_crcgc/cr_crcgcPKG.svp,12|21): input source text recursion detected for '/home/janec/Documents/svg_ae_rampup/project_zipline/Project-Zipline/rtl/cr_crcgc/cr_crcgc.vh' (`include source file).
file: /home/janec/Documents/svg_ae_rampup/project_zipline/Project-Zipline/rtl/cr_prefix/cr_prefix.v
`include "cr_prefix.vh"
                      |
xmvlog: *W,NORECI (/home/janec/Documents/svg_ae_rampup/project_zipline/Project-Zipline/rtl/cr_prefix/cr_prefixPKG.svp,12|22): input source text recursion detected for '/home/janec/Documents/svg_ae_rampup/project_zipline/Project-Zipline/rtl/cr_prefix/cr_prefix.vh' (`include source file).
file: /home/janec/Documents/svg_ae_rampup/project_zipline/Project-Zipline/rtl/cr_huf_comp/cr_huf_comp.v
`include "cr_huf_comp.vh"
                        |
xmvlog: *W,NORECI (/home/janec/Documents/svg_ae_rampup/project_zipline/Project-Zipline/rtl/cr_huf_comp/cr_huf_compPKG.svp,13|24): input source text recursion detected for '/home/janec/Documents/svg_ae_rampup/project_zipline/Project-Zipline/rtl/cr_huf_comp/cr_huf_comp.vh' (`include source file).
file: /home/janec/Documents/svg_ae_rampup/project_zipline/Project-Zipline/rtl/cr_huf_comp/cr_huf_comp_sa.v
   `CCX_STD_CALC_BIP2(get_bip2, `AXI_S_DP_DWIDTH);         
                                                 |
xmvlog: *W,UEXPSC (/home/janec/Documents/svg_ae_rampup/project_zipline/Project-Zipline/rtl/cr_huf_comp/cr_huf_comp_sa.v,3170|49): Ignored unexpected semicolon following SystemVerilog description keyword (get_bip2).
file: /home/janec/Documents/svg_ae_rampup/project_zipline/Project-Zipline/rtl/cr_huf_comp/cr_huf_comp_fifo_ctrl.v
`undef DECLARE_RESET_FLOP
                        |
xmvlog: *W,NOIEEE (/home/janec/Documents/svg_ae_rampup/project_zipline/Project-Zipline/rtl/cr_huf_comp/cr_huf_comp_fifo_ctrl.v,320|24): IEEE 1364 compliance warning: (`undef argument (DECLARE_RESET_FLOP) not defined [16.3.2(IEEE)]).
file: /home/janec/Documents/svg_ae_rampup/project_zipline/Project-Zipline/rtl/cr_xp10_decomp/cr_xp10_decomp_be_fifos.v
   `CCX_STD_CALC_BIP2(get_bip2, `AXI_S_DP_DWIDTH); 
                                                 |
xmvlog: *W,UEXPSC (/home/janec/Documents/svg_ae_rampup/project_zipline/Project-Zipline/rtl/cr_xp10_decomp/cr_xp10_decomp_be_fifos.v,130|49): Ignored unexpected semicolon following SystemVerilog description keyword (get_bip2).
file: /home/janec/Documents/svg_ae_rampup/project_zipline/Project-Zipline/rtl/cr_cceip_64_support/cr_cceip_64_support.v
`include "cr_cceip_64_support.vh"
                                |
xmvlog: *W,NORECI (/home/janec/Documents/svg_ae_rampup/project_zipline/Project-Zipline/rtl/cr_cceip_64_support/cr_cceip_64_supportPKG.svp,12|32): input source text recursion detected for '/home/janec/Documents/svg_ae_rampup/project_zipline/Project-Zipline/rtl/cr_cceip_64_support/cr_cceip_64_support.vh' (`include source file).
file: /home/janec/Documents/svg_ae_rampup/project_zipline/Project-Zipline/rtl/cr_cceip_64_sa/cr_cceip_64_sa.v
`include "cr_cceip_64_sa.vh"
                           |
xmvlog: *W,NORECI (/home/janec/Documents/svg_ae_rampup/project_zipline/Project-Zipline/rtl/cr_cceip_64_sa/cr_cceip_64_saPKG.svp,12|27): input source text recursion detected for '/home/janec/Documents/svg_ae_rampup/project_zipline/Project-Zipline/rtl/cr_cceip_64_sa/cr_cceip_64_sa.vh' (`include source file).
file: /home/janec/Documents/svg_ae_rampup/project_zipline/Project-Zipline/rtl/cr_su/cr_su.v
`include "cr_su.vh"
                  |
xmvlog: *W,NORECI (/home/janec/Documents/svg_ae_rampup/project_zipline/Project-Zipline/rtl/cr_su/cr_suPKG.svp,12|18): input source text recursion detected for '/home/janec/Documents/svg_ae_rampup/project_zipline/Project-Zipline/rtl/cr_su/cr_su.vh' (`include source file).
file: /home/janec/Documents/svg_ae_rampup/project_zipline/Project-Zipline/rtl/cr_su/cr_su_ctl.v
   `CCX_STD_CALC_BIP2(get_bip2, `AXI_S_DP_DWIDTH);  
                                                 |
xmvlog: *W,UEXPSC (/home/janec/Documents/svg_ae_rampup/project_zipline/Project-Zipline/rtl/cr_su/cr_su_ctl.v,118|49): Ignored unexpected semicolon following SystemVerilog description keyword (get_bip2).
file: /home/janec/Documents/svg_ae_rampup/project_zipline/Project-Zipline/rtl/cr_lz77_comp/cr_lz77_comp.v
 `define ENA_BIMC
                 |
xmvlog: *W,MACNDF (/home/janec/Documents/svg_ae_rampup/project_zipline/Project-Zipline/rtl/cr_lz77_comp/cr_lz77_comp.vh,46|17): The text macro 'ENA_BIMC' has also been defined on the command line using the -DEFINE command line option.  The compiler will ignore the definition found in the Verilog source code.
file: /home/janec/Documents/svg_ae_rampup/project_zipline/Project-Zipline/rtl/cr_lz77_comp/cr_lz77_comp_prc.v
   `CCX_STD_DECLARE_CRC(crc32, 32'd`XP10CRC32_POLYNOMIAL, 32,        64        );
                                                                                |
xmvlog: *W,UEXPSC (/home/janec/Documents/svg_ae_rampup/project_zipline/Project-Zipline/rtl/cr_lz77_comp/cr_lz77_comp_prc.v,1058|80): Ignored unexpected semicolon following SystemVerilog description keyword (crc32).
file: /home/janec/Documents/svg_ae_rampup/project_zipline/Project-Zipline/rtl/cr_lz77_comp/cr_lz77_engine_v3.v
   `CCX_STD_DECLARE_CRC(crc8, 8'h9b,      8,         8         );
                                                                |
xmvlog: *W,UEXPSC (/home/janec/Documents/svg_ae_rampup/project_zipline/Project-Zipline/rtl/cr_lz77_comp/cr_lz77_engine_v3.v,516|64): Ignored unexpected semicolon following SystemVerilog description keyword (crc8).
file: /home/janec/Documents/svg_ae_rampup/project_zipline/Project-Zipline/rtl/common/nx_library/nx_ram_1r1w_indirect_access.sv
     =  { init_inc     : (N_INIT_INC_BITS>0)? TRUE : FALSE, 
                       |
xmvlog: *E,BADCON (/home/janec/Documents/svg_ae_rampup/project_zipline/Project-Zipline/rtl/common/nx_library/nx_ram_1r1w_indirect_access.sv,111|23): illegal concatenation syntax [4.1.14(IEEE)].
          compare      : FALSE,
                       |
xmvlog: *E,SVVMAN (/home/janec/Documents/svg_ae_rampup/project_zipline/Project-Zipline/rtl/common/nx_library/nx_ram_1r1w_indirect_access.sv,112|23): Omitting the default value assignment is not legal in a parameter_declaration.
          compare      : FALSE,
                       |
xmvlog: *E,EXPCORS (/home/janec/Documents/svg_ae_rampup/project_zipline/Project-Zipline/rtl/common/nx_library/nx_ram_1r1w_indirect_access.sv,112|23): Expecting a ',' or ';'. IEEE 1800-2017, syntax 6-6, 8-1, 8-3, 9-2, 9-3, and 26-1.
          compare      : FALSE,
                              |
xmvlog: *E,SVVMAN (/home/janec/Documents/svg_ae_rampup/project_zipline/Project-Zipline/rtl/common/nx_library/nx_ram_1r1w_indirect_access.sv,112|30): Omitting the default value assignment is not legal in a parameter_declaration.
          reserved_op  : 4'b0,
                       |
xmvlog: *E,SVVMAN (/home/janec/Documents/svg_ae_rampup/project_zipline/Project-Zipline/rtl/common/nx_library/nx_ram_1r1w_indirect_access.sv,113|23): Omitting the default value assignment is not legal in a parameter_declaration.
          reserved_op  : 4'b0,
                       |
xmvlog: *E,EXPCORS (/home/janec/Documents/svg_ae_rampup/project_zipline/Project-Zipline/rtl/common/nx_library/nx_ram_1r1w_indirect_access.sv,113|23): Expecting a ',' or ';'. IEEE 1800-2017, syntax 6-6, 8-1, 8-3, 9-2, 9-3, and 26-1.
          default      : TRUE};   
                |
xmvlog: *E,FNDKWD (/home/janec/Documents/svg_ae_rampup/project_zipline/Project-Zipline/rtl/common/nx_library/nx_ram_1r1w_indirect_access.sv,114|16): A Verilog keyword was found where an identifier was expected.
          default      : TRUE};   
                             |
xmvlog: *E,SVVMAN (/home/janec/Documents/svg_ae_rampup/project_zipline/Project-Zipline/rtl/common/nx_library/nx_ram_1r1w_indirect_access.sv,114|29): Omitting the default value assignment is not legal in a parameter_declaration.
          default      : TRUE};   
                             |
xmvlog: *E,EXPCORS (/home/janec/Documents/svg_ae_rampup/project_zipline/Project-Zipline/rtl/common/nx_library/nx_ram_1r1w_indirect_access.sv,114|29): Expecting a ',' or ';'. IEEE 1800-2017, syntax 6-6, 8-1, 8-3, 9-2, 9-3, and 26-1.
	module nx_library.nx_ram_1r1w_indirect_access:sv
		errors: 9, warnings: 0
xmvlog: *W,LIBNOU: Library "/home/janec/Documents/svg_ae_rampup/project_zipline/Project-Zipline/rtl/common/cr_tlvp" given but not used.
xmvlog: *W,LIBNOU: Library "/home/janec/Documents/svg_ae_rampup/project_zipline/Project-Zipline/rtl/common/cr_tlvp_apps" given but not used.
xmvlog: *W,LIBNOU: Library "/home/janec/Documents/svg_ae_rampup/project_zipline/Project-Zipline/rtl/common/cr_crc" given but not used.
xmvlog: *W,LIBNOU: Library "/home/janec/Documents/svg_ae_rampup/project_zipline/Project-Zipline/rtl/common/axi" given but not used.
xmvlog: *W,LIBNOU: Library "/home/janec/Documents/svg_ae_rampup/project_zipline/Project-Zipline/rtl/common/cr_adler" given but not used.
xmvlog: *W,LIBNOU: Library "/home/janec/Documents/svg_ae_rampup/project_zipline/Project-Zipline/rtl/common/cr_crc16t" given but not used.
xmvlog: *W,LIBNOU: Library "/home/janec/Documents/svg_ae_rampup/project_zipline/Project-Zipline/rtl/common/fifo" given but not used.
xmvlog: *W,SPDUSD: Include directory /home/janec/Documents/svg_ae_rampup/project_zipline/Project-Zipline/rtl/common/nx_library given but not used.
xmvlog: *W,SPDUSD: Include directory /home/janec/Documents/svg_ae_rampup/project_zipline/Project-Zipline/dv/agents/apb given but not used.
	Total errors/warnings found outside modules and primitives:
		errors: 0, warnings: 20
xrun: *E,VLGERR: An error occurred during parsing.  Review the log file for errors with the code *E and fix those identified problems to proceed.  Exiting with code (status 1).
TOOL:	xrun(64)	24.09-s010: Exiting on Aug 19, 2025 at 13:21:28 PDT  (total: 00:00:08)
